<?xml version="1.0" encoding="UTF-8"?>
<!-- Generated by org.testng.reporters.JUnitReportReporter -->
<testsuite hostname="DESKTOP-FR4OI0B" name="com.practo.uiAutomation.testRunner.TestRunner" tests="1" failures="0" timestamp="21 Aug 2017 03:38:49 GMT" time="0.397" errors="0">
  <testcase name="feature" time="0.397" classname="com.practo.uiAutomation.testRunner.TestRunner"/>
</testsuite> <!-- com.practo.uiAutomation.testRunner.TestRunner -->
